<?xml version="1.0" encoding="UTF-8"?>
<!-- Generated by org.testng.reporters.JUnitReportReporter -->
<testsuite skipped="0" hostname="DESKTOP-JI70QVB" name="com.FreeCRM.TestCases.HomepageTest" tests="2" failures="0" timestamp="03 Jul 2021 15:35:05 GMT" time="66.109" errors="0">
  <testcase name="validatetitle" time="37.859" classname="com.FreeCRM.TestCases.HomepageTest"/>
  <testcase name="ClickonContacts" time="28.250" classname="com.FreeCRM.TestCases.HomepageTest"/>
</testsuite> <!-- com.FreeCRM.TestCases.HomepageTest -->
