<?xml version="1.0" encoding="UTF-8"?>
<!-- Generated by org.testng.reporters.JUnitReportReporter -->
<testsuite skipped="0" hostname="DESKTOP-JI70QVB" name="com.FreeCRM.TestCases.ContactpageTest" tests="4" failures="0" timestamp="03 Jul 2021 18:14:19 GMT" time="198.187" errors="0">
  <testcase name="createNewContact" time="37.247" classname="com.FreeCRM.TestCases.ContactpageTest"/>
  <testcase name="createNewContact" time="85.690" classname="com.FreeCRM.TestCases.ContactpageTest"/>
  <testcase name="createNewContact" time="38.386" classname="com.FreeCRM.TestCases.ContactpageTest"/>
  <testcase name="createNewContact" time="36.864" classname="com.FreeCRM.TestCases.ContactpageTest"/>
</testsuite> <!-- com.FreeCRM.TestCases.ContactpageTest -->
