<?xml version="1.0" encoding="UTF-8"?>
<!-- Generated by org.testng.reporters.JUnitReportReporter -->
<testsuite skipped="0" hostname="DESKTOP-JI70QVB" name="com.FreeCRM.TestCases.LoginpageTestcases" tests="1" failures="0" timestamp="03 Jul 2021 15:35:05 GMT" time="37.983" errors="0">
  <testcase name="loginTest" time="37.983" classname="com.FreeCRM.TestCases.LoginpageTestcases"/>
</testsuite> <!-- com.FreeCRM.TestCases.LoginpageTestcases -->
